GET / HTTP/1.1
GET /home/ HTTP/1.1
GET /static/sist/assets/vendor/bootstrap/css/bootstrap.min.css HTTP/1.1
GET /static/sist/assets/vendor/fontawesome-free/css/all.min.css HTTP/1.1
GET /static/sist/assets/vendor/simple-line-icons/css/simple-line-icons.css HTTP/1.1
GET /static/sist/assets/css/stylish-portfolio.min.css HTTP/1.1
GET /static/sist/assets/css/stylish-portfolio.css HTTP/1.1
GET /static/sist/assets/vendor/jquery/jquery.min.js HTTP/1.1
GET /static/sist/assets/css/styles.css HTTP/1.1
GET /static/sist/assets/vendor/bootstrap/js/bootstrap.bundle.min.js HTTP/1.1
GET /static/sist/assets/vendor/jquery-easing/jquery.easing.min.js HTTP/1.1
GET /static/sist/assets/css/bootstrap/bootstrap.css HTTP/1.1
GET /static/sist/assets/css/punto.css HTTP/1.1
GET /static/sist/assets/js/sb-admin-2.min.js HTTP/1.1
GET /static/sist/assets/vendor/chart.js/Chart.min.js HTTP/1.1
GET /static/sist/assets/img/pattern.png HTTP/1.1
GET /static/sist/assets/vendor/fontawesome-free/webfonts/fa-solid-900.woff2 HTTP/1.1
GET /static/sist/assets/fonts/PTSansCaption-Regular.ttf HTTP/1.1
GET /list/ HTTP/1.1
GET /add/ HTTP/1.1
GET /client/add/ HTTP/1.1
POST /client/add/ HTTP/1.1
GET /sm/?extra=True HTTP/1.1
GET /add/ HTTP/1.1
GET /load_brands/?equipo=1 HTTP/1.1
POST /add/ HTTP/1.1
GET /sm/ HTTP/1.1
GET /print/2/150/ HTTP/1.1
GET /static/sist/assets/css/ticket.css HTTP/1.1
GET /list/ HTTP/1.1
GET /favicon.ico HTTP/1.1
GET /static/sist/assets/css/styles.css HTTP/1.1
GET /static/sist/assets/css/theme.css HTTP/1.1
GET /static/sist/assets/css/forms.css HTTP/1.1
GET /static/sist/assets/css/punto.css HTTP/1.1
GET /static/sist/assets/img/pattern.png HTTP/1.1
GET /login/ HTTP/1.1
GET /static/sist/assets/vendor/fontawesome-free/css/all.min.css HTTP/1.1
GET /static/sist/assets/vendor/bootstrap/css/bootstrap.min.css HTTP/1.1
GET /static/sist/assets/vendor/jquery/jquery.min.js HTTP/1.1
GET /static/sist/assets/vendor/simple-line-icons/css/simple-line-icons.css HTTP/1.1
GET /static/sist/assets/css/styles.css HTTP/1.1
GET /static/sist/assets/css/stylish-portfolio.css HTTP/1.1
GET /static/sist/assets/vendor/jquery-easing/jquery.easing.min.js HTTP/1.1
GET /static/sist/assets/css/stylish-portfolio.min.css HTTP/1.1
GET /static/sist/assets/js/sb-admin-2.min.js HTTP/1.1
GET /static/sist/assets/vendor/bootstrap/js/bootstrap.bundle.min.js HTTP/1.1
GET /static/sist/assets/css/bootstrap/bootstrap.css HTTP/1.1
GET /static/sist/assets/vendor/chart.js/Chart.min.js HTTP/1.1
GET /static/sist/assets/css/theme.css HTTP/1.1
GET /static/sist/assets/css/punto.css HTTP/1.1
GET /static/sist/assets/css/forms.css HTTP/1.1
GET /static/sist/assets/css/reportes.css HTTP/1.1
GET /static/sist/assets/fonts/PTSansCaption-Regular.ttf HTTP/1.1
GET /add/ HTTP/1.1
GET /client/add/ HTTP/1.1
POST /client/add/ HTTP/1.1
GET /sm/?extra=True HTTP/1.1
GET /add/ HTTP/1.1
GET /load_brands/?equipo=1 HTTP/1.1
GET /login/ HTTP/1.1
POST /login/ HTTP/1.1
GET /home HTTP/1.1
GET /home/ HTTP/1.1
GET /static/sist/assets/img/logo.png HTTP/1.1
GET /static/sist/assets/img/iconos_sist/icono_folios.svg HTTP/1.1
GET /static/sist/assets/vendor/fontawesome-free/webfonts/fa-solid-900.woff2 HTTP/1.1
GET /static/sist/assets/img/pattern.png HTTP/1.1
GET /static/sist/assets/img/iconos_sist/icono_almacen.svg HTTP/1.1
GET /static/sist/assets/img/iconos_sist/icono_admin.svg HTTP/1.1
GET /static/sist/assets/img/iconos_sist/icono_punto_venta.svg HTTP/1.1
GET /list/ HTTP/1.1
GET /add/ HTTP/1.1
GET /client/add/ HTTP/1.1
POST /client/add/ HTTP/1.1
GET /sm/?extra=True HTTP/1.1
GET /add/ HTTP/1.1
GET /load_brands/?equipo=1 HTTP/1.1
POST /add/ HTTP/1.1
GET /print/2/151/ HTTP/1.1
GET /sm/ HTTP/1.1
GET /favicon.ico HTTP/1.1
GET /list/ HTTP/1.1
POST /add/ HTTP/1.1
GET /sm/ HTTP/1.1
GET /print/3/245/ HTTP/1.1
GET /static/sist/assets/css/ticket.css HTTP/1.1
GET /favicon.ico HTTP/1.1
GET /list/ HTTP/1.1
GET /add/ HTTP/1.1
GET /load_brands/?equipo=1 HTTP/1.1
POST /add/ HTTP/1.1
GET /print/3/246/ HTTP/1.1
GET /sm/ HTTP/1.1
GET /list/ HTTP/1.1
GET /update/2/99/ HTTP/1.1
GET / HTTP/1.1
GET /static/sist/assets/css/styles.css HTTP/1.1
GET /static/sist/assets/css/reportes.css HTTP/1.1
GET /static/sist/assets/css/theme.css HTTP/1.1
GET /static/sist/assets/css/punto.css HTTP/1.1
GET /list/ HTTP/1.1
GET /static/favicon.ico HTTP/1.1
GET /update/2/139/ HTTP/1.1
POST /update/2/139/ HTTP/1.1
GET /sm/ HTTP/1.1
GET /list/ HTTP/1.1
GET /static/favicon.ico HTTP/1.1
GET /update/2/150/ HTTP/1.1
POST /update/2/150/ HTTP/1.1
GET /sm/ HTTP/1.1
GET /list/ HTTP/1.1
GET /static/favicon.ico HTTP/1.1
GET /home/ HTTP/1.1
GET /add/ HTTP/1.1
GET /client/add/ HTTP/1.1
POST /client/add/ HTTP/1.1
GET /sm/?extra=True HTTP/1.1
GET /add/ HTTP/1.1
GET /load_brands/?equipo=1 HTTP/1.1
POST /add/ HTTP/1.1
GET /sm/ HTTP/1.1
GET /print/3/247/ HTTP/1.1
GET /list/ HTTP/1.1
GET /add/ HTTP/1.1
GET /client/add/ HTTP/1.1
POST /client/add/ HTTP/1.1
GET /sm/?extra=True HTTP/1.1
GET /add/ HTTP/1.1
GET /load_brands/?equipo=1 HTTP/1.1
POST /add/ HTTP/1.1
GET /sm/ HTTP/1.1
GET /print/3/248/ HTTP/1.1
GET /list/ HTTP/1.1
GET /update/3/213/ HTTP/1.1
GET /update/3/213/ HTTP/1.1
POST /update/3/213/ HTTP/1.1
GET /sm/ HTTP/1.1
GET /list/ HTTP/1.1
GET /static/favicon.ico HTTP/1.1
GET /update/3/213/ HTTP/1.1
GET /update/3/213/ HTTP/1.1
GET /close/3/213/ HTTP/1.1
POST /close/3/213/ HTTP/1.1
GET /sm/ HTTP/1.1
GET /print/3/213/ HTTP/1.1
GET /list/ HTTP/1.1
GET /list/ HTTP/1.1
GET /update/2/150/ HTTP/1.1
GET /close/2/150/ HTTP/1.1
POST /close/2/150/ HTTP/1.1
GET /print/2/150/ HTTP/1.1
GET /sm/ HTTP/1.1
GET /list/ HTTP/1.1
GET /print/2/150/ HTTP/1.1
GET /list/ HTTP/1.1
GET / HTTP/1.1
GET /static/sist/assets/vendor/bootstrap/css/bootstrap.min.css HTTP/1.1
GET /static/sist/assets/vendor/jquery/jquery.min.js HTTP/1.1
GET /static/sist/assets/vendor/simple-line-icons/css/simple-line-icons.css HTTP/1.1
GET /static/sist/assets/vendor/fontawesome-free/css/all.min.css HTTP/1.1
GET /static/sist/assets/css/stylish-portfolio.min.css HTTP/1.1
GET /static/sist/assets/css/stylish-portfolio.css HTTP/1.1
GET /static/sist/assets/css/styles.css HTTP/1.1
GET /static/sist/assets/vendor/jquery-easing/jquery.easing.min.js HTTP/1.1
GET /static/sist/assets/vendor/bootstrap/js/bootstrap.bundle.min.js HTTP/1.1
GET /static/sist/assets/img/playacel.jpg HTTP/1.1
GET /static/sist/assets/css/bootstrap/bootstrap.css HTTP/1.1
GET /static/sist/assets/css/forms.css HTTP/1.1
GET /static/sist/assets/css/theme.css HTTP/1.1
GET /static/sist/assets/css/reportes.css HTTP/1.1
GET /static/sist/assets/css/punto.css HTTP/1.1
GET /static/sist/assets/img/landing_bg.jfif HTTP/1.1
GET /static/sist/assets/vendor/simple-line-icons/fonts/Simple-Line-Icons.woff2?v=2.4.0 HTTP/1.1
GET /static/sist/assets/fonts/PTSansCaption-Regular.ttf HTTP/1.1
GET /login/ HTTP/1.1
GET /static/sist/assets/js/sb-admin-2.min.js HTTP/1.1
GET /static/sist/assets/vendor/chart.js/Chart.min.js HTTP/1.1
GET /static/sist/assets/js/main.js HTTP/1.1
POST /login/ HTTP/1.1
GET /home HTTP/1.1
GET /home/ HTTP/1.1
GET /static/sist/assets/img/logo.png HTTP/1.1
GET /static/sist/assets/img/iconos_sist/icono_folios.svg HTTP/1.1
GET /static/sist/assets/img/iconos_sist/icono_punto_venta.svg HTTP/1.1
GET /static/sist/assets/img/iconos_sist/icono_almacen.svg HTTP/1.1
GET /static/sist/assets/img/pattern.png HTTP/1.1
GET /static/sist/assets/img/iconos_sist/icono_admin.svg HTTP/1.1
GET /static/sist/assets/vendor/fontawesome-free/webfonts/fa-solid-900.woff2 HTTP/1.1
GET /list/ HTTP/1.1
GET /admin/ HTTP/1.1
GET /static/sist/assets/img/iconos_sist/icono_colaboradores1.svg HTTP/1.1
GET /static/sist/assets/img/iconos_sist/icono_reportes.svg HTTP/1.1
GET /static/sist/assets/img/iconos_sist/icono_sucursales.svg HTTP/1.1
GET /static/sist/assets/img/iconos_sist/icono_clientes.svg HTTP/1.1
GET /admin/report/ HTTP/1.1
GET /static/sist/assets/vendor/fontawesome-free/webfonts/fa-regular-400.woff2 HTTP/1.1
GET /admin/consult/?inicio=29%2F04%2F2021&fin=29%2F04%2F2021&tipo=3 HTTP/1.1
GET /admin/consult/?inicio=29%2F04%2F2021&fin=29%2F04%2F2021&tipo=3&formato=xls HTTP/1.1
GET /list/ HTTP/1.1
GET /update/3/247/ HTTP/1.1
GET /update/2/99/ HTTP/1.1
GET /update/2/99/ HTTP/1.1
POST /update/2/99/ HTTP/1.1
GET /sm/ HTTP/1.1
GET /list/ HTTP/1.1
GET /static/favicon.ico HTTP/1.1
GET /update/2/99/ HTTP/1.1
GET /print/2/99/ HTTP/1.1
GET /list/ HTTP/1.1
GET /list/ HTTP/1.1
GET /static/sist/assets/vendor/bootstrap/css/bootstrap.min.css HTTP/1.1
GET /static/sist/assets/vendor/jquery/jquery.min.js HTTP/1.1
GET /static/sist/assets/vendor/fontawesome-free/css/all.min.css HTTP/1.1
GET /static/sist/assets/vendor/simple-line-icons/css/simple-line-icons.css HTTP/1.1
GET /static/sist/assets/css/stylish-portfolio.min.css HTTP/1.1
GET /static/sist/assets/css/stylish-portfolio.css HTTP/1.1
GET /static/sist/assets/css/styles.css HTTP/1.1
GET /static/sist/assets/vendor/bootstrap/js/bootstrap.bundle.min.js HTTP/1.1
GET /static/sist/assets/vendor/jquery-easing/jquery.easing.min.js HTTP/1.1
GET /static/sist/assets/js/sb-admin-2.min.js HTTP/1.1
GET /static/sist/assets/css/bootstrap/bootstrap.css HTTP/1.1
GET /static/sist/assets/js/main.js HTTP/1.1
GET /static/sist/assets/vendor/chart.js/Chart.min.js HTTP/1.1
GET /static/sist/assets/css/forms.css HTTP/1.1
GET /static/sist/assets/css/reportes.css HTTP/1.1
GET /static/sist/assets/css/theme.css HTTP/1.1
GET /static/sist/assets/css/punto.css HTTP/1.1
GET /static/sist/assets/img/logo.png HTTP/1.1
GET /static/sist/assets/img/pattern.png HTTP/1.1
GET /static/sist/assets/vendor/fontawesome-free/webfonts/fa-solid-900.woff2 HTTP/1.1
GET /static/sist/assets/fonts/PTSansCaption-Regular.ttf HTTP/1.1
GET /update/3/248/ HTTP/1.1
GET /update/3/246/ HTTP/1.1
GET /update/3/241/ HTTP/1.1
GET /close/3/241/ HTTP/1.1
POST /close/3/241/ HTTP/1.1
GET /print/3/241/ HTTP/1.1
GET /list/ HTTP/1.1
GET /add/ HTTP/1.1
GET /client/add/ HTTP/1.1
POST /client/add/ HTTP/1.1
GET /sm/?extra=True HTTP/1.1
GET /add/ HTTP/1.1
GET /load_brands/?equipo=1 HTTP/1.1
GET /add/ HTTP/1.1
GET /client/add/ HTTP/1.1
POST /client/add/ HTTP/1.1
GET /sm/?extra=True HTTP/1.1
GET /add/ HTTP/1.1
GET /client/add/ HTTP/1.1
POST /add/ HTTP/1.1
GET /print/2/152/ HTTP/1.1
GET /sm/ HTTP/1.1
GET /list/ HTTP/1.1
POST /client/add/ HTTP/1.1
GET /sm/?extra=True HTTP/1.1
GET /add/ HTTP/1.1
GET /load_brands/?equipo=1 HTTP/1.1
GET /client/add/ HTTP/1.1
GET /add/ HTTP/1.1
GET /load_brands/?equipo=1 HTTP/1.1
POST /add/ HTTP/1.1
GET /sm/ HTTP/1.1
GET /print/3/249/ HTTP/1.1
GET /list/ HTTP/1.1
GET / HTTP/1.1
GET /home/ HTTP/1.1
GET /static/sist/assets/css/styles.css HTTP/1.1
GET /static/sist/assets/js/main.js HTTP/1.1
GET /static/sist/assets/img/iconos_sist/icono_folios.svg HTTP/1.1
GET /static/sist/assets/css/theme.css HTTP/1.1
GET /static/sist/assets/css/reportes.css HTTP/1.1
GET /static/sist/assets/css/punto.css HTTP/1.1
GET /static/sist/assets/img/iconos_sist/icono_punto_venta.svg HTTP/1.1
GET /static/sist/assets/img/iconos_sist/icono_admin.svg HTTP/1.1
GET /static/sist/assets/img/iconos_sist/icono_almacen.svg HTTP/1.1
GET /static/sist/assets/img/pattern.png HTTP/1.1
GET /list/ HTTP/1.1
GET /add/ HTTP/1.1
GET /client/add/ HTTP/1.1
POST /client/add/ HTTP/1.1
GET /sm/?extra=True HTTP/1.1
GET /add/ HTTP/1.1
GET /load_brands/?equipo=1 HTTP/1.1
POST /add/ HTTP/1.1
GET /sm/ HTTP/1.1
GET /print/1/46/ HTTP/1.1
GET /static/sist/assets/css/ticket.css HTTP/1.1
GET /favicon.ico HTTP/1.1
GET /list/ HTTP/1.1
GET /print/1/46/ HTTP/1.1
GET /list/ HTTP/1.1
GET /update/3/226/ HTTP/1.1
POST /update/3/226/ HTTP/1.1
GET /sm/ HTTP/1.1
GET /list/ HTTP/1.1
GET /static/favicon.ico HTTP/1.1
GET /print/3/226/ HTTP/1.1
GET /list/ HTTP/1.1
GET /add/ HTTP/1.1
GET /client/add/ HTTP/1.1
POST /client/add/ HTTP/1.1
GET /sm/?extra=True HTTP/1.1
GET /add/ HTTP/1.1
GET /load_brands/?equipo=1 HTTP/1.1
POST /add/ HTTP/1.1
GET /print/3/250/ HTTP/1.1
GET /sm/ HTTP/1.1
GET /list/ HTTP/1.1
GET / HTTP/1.1
GET /home/ HTTP/1.1
GET /static/sist/assets/css/styles.css HTTP/1.1
GET /static/sist/assets/js/main.js HTTP/1.1
GET /static/sist/assets/css/theme.css HTTP/1.1
GET /static/sist/assets/css/reportes.css HTTP/1.1
GET /static/sist/assets/css/punto.css HTTP/1.1
GET /static/sist/assets/img/iconos_sist/icono_folios.svg HTTP/1.1
GET /static/sist/assets/img/iconos_sist/icono_punto_venta.svg HTTP/1.1
GET /static/sist/assets/img/iconos_sist/icono_admin.svg HTTP/1.1
GET /static/sist/assets/img/iconos_sist/icono_almacen.svg HTTP/1.1
GET /static/sist/assets/img/pattern.png HTTP/1.1
GET /list/ HTTP/1.1
GET /update/2/152/ HTTP/1.1
POST /update/2/152/ HTTP/1.1
GET /sm/ HTTP/1.1
GET /list/ HTTP/1.1
GET /static/favicon.ico HTTP/1.1
GET /update/2/151/ HTTP/1.1
GET /list/ HTTP/1.1
GET /static/sist/assets/css/styles.css HTTP/1.1
GET /static/sist/assets/css/punto.css HTTP/1.1
GET /static/sist/assets/img/pattern.png HTTP/1.1
GET /update/5/34/ HTTP/1.1
POST /update/5/34/ HTTP/1.1
GET /sm/ HTTP/1.1
GET /add/ HTTP/1.1
GET /client/add/ HTTP/1.1
POST /client/add/ HTTP/1.1
GET /sm/?extra=True HTTP/1.1
GET /add/ HTTP/1.1
GET /load_brands/?equipo=1 HTTP/1.1
GET /client/add/ HTTP/1.1
POST /add/ HTTP/1.1
GET /sm/?extra=True HTTP/1.1
GET /print/3/251/ HTTP/1.1
GET /list/ HTTP/1.1
GET /update/3/251/ HTTP/1.1
GET /list/ HTTP/1.1
GET /static/favicon.ico HTTP/1.1
GET /update/5/34/ HTTP/1.1
GET /close/5/34/ HTTP/1.1
POST /close/5/34/ HTTP/1.1
GET /print/5/34/ HTTP/1.1
GET /sm/ HTTP/1.1
GET /static/sist/assets/css/ticket.css HTTP/1.1
GET /list/ HTTP/1.1
GET /favicon.ico HTTP/1.1
GET /add/ HTTP/1.1
GET /load_brands/?equipo=1 HTTP/1.1
POST /add/ HTTP/1.1
GET /sm/ HTTP/1.1
GET /print/3/252/ HTTP/1.1
GET /list/ HTTP/1.1
GET /add/ HTTP/1.1
GET /client/add/ HTTP/1.1
POST /client/add/ HTTP/1.1
GET /sm/?extra=True HTTP/1.1
GET /add/ HTTP/1.1
GET /load_brands/?equipo=1 HTTP/1.1
POST /add/ HTTP/1.1
GET /print/5/56/ HTTP/1.1
GET /sm/ HTTP/1.1
GET /list/ HTTP/1.1
GET /favicon.ico HTTP/1.1
GET /update/1/46/ HTTP/1.1
POST /update/1/46/ HTTP/1.1
GET /sm/ HTTP/1.1
GET /list/ HTTP/1.1
GET /static/favicon.ico HTTP/1.1
GET /add/ HTTP/1.1
GET /client/add/ HTTP/1.1
POST /client/add/ HTTP/1.1
GET /sm/?extra=True HTTP/1.1
GET /add/ HTTP/1.1
GET /load_brands/?equipo=4 HTTP/1.1
POST /add/ HTTP/1.1
GET /print/3/253/ HTTP/1.1
GET /sm/ HTTP/1.1
GET /list/ HTTP/1.1
GET /update/3/217/ HTTP/1.1
GET /update/1/46/ HTTP/1.1
GET /close/1/46/ HTTP/1.1
POST /close/1/46/ HTTP/1.1
GET /sm/ HTTP/1.1
GET /print/1/46/ HTTP/1.1
GET /list/ HTTP/1.1
GET /update/1/46/ HTTP/1.1
GET /update/3/252/ HTTP/1.1
GET /update/3/252/ HTTP/1.1
POST /update/3/252/ HTTP/1.1
GET /sm/ HTTP/1.1
GET /list/ HTTP/1.1
GET /update/3/252/ HTTP/1.1
GET /static/sist/assets/css/theme.css HTTP/1.1
GET /static/favicon.ico HTTP/1.1
GET /update/3/252/ HTTP/1.1
GET /update/3/252/ HTTP/1.1
GET /update/3/252/ HTTP/1.1
GET /update/3/252/ HTTP/1.1
GET /close/3/252/ HTTP/1.1
POST /close/3/252/ HTTP/1.1
GET /sm/ HTTP/1.1
GET /print/3/252/ HTTP/1.1
GET /list/ HTTP/1.1
GET /update/3/246/ HTTP/1.1
GET /update/3/246/ HTTP/1.1
GET /add/ HTTP/1.1
GET /client/add/ HTTP/1.1
POST /client/add/ HTTP/1.1
GET /sm/?extra=True HTTP/1.1
GET /add/ HTTP/1.1
GET /load_brands/?equipo=1 HTTP/1.1
POST /add/ HTTP/1.1
GET /sm/ HTTP/1.1
GET /print/2/153/ HTTP/1.1
POST /update/3/246/ HTTP/1.1
GET /sm/ HTTP/1.1
GET /list/ HTTP/1.1
GET /list/ HTTP/1.1
GET /static/favicon.ico HTTP/1.1
GET /static/sist/assets/css/theme.css HTTP/1.1
GET /update/3/245/ HTTP/1.1
GET /update/3/245/ HTTP/1.1
POST /update/3/245/ HTTP/1.1
GET /sm/ HTTP/1.1
GET /list/ HTTP/1.1
GET /static/favicon.ico HTTP/1.1
GET /update/3/252/ HTTP/1.1
GET /update/3/252/ HTTP/1.1
GET /update/3/251/ HTTP/1.1
GET /update/3/251/ HTTP/1.1
POST /update/3/251/ HTTP/1.1
GET /sm/ HTTP/1.1
GET /update/3/244/ HTTP/1.1
GET /update/3/244/ HTTP/1.1
GET /update/3/247/ HTTP/1.1
GET /update/3/247/ HTTP/1.1
GET /update/3/248/ HTTP/1.1
GET /update/3/248/ HTTP/1.1
GET /update/3/250/ HTTP/1.1
GET /update/3/250/ HTTP/1.1
GET /list/ HTTP/1.1
GET /static/favicon.ico HTTP/1.1
GET /add/ HTTP/1.1
GET /client/add/ HTTP/1.1
POST /client/add/ HTTP/1.1
GET /sm/?extra=True HTTP/1.1
GET /add/ HTTP/1.1
GET /load_brands/?equipo=1 HTTP/1.1
POST /add/ HTTP/1.1
GET /sm/ HTTP/1.1
GET /print/1/47/ HTTP/1.1
GET /list/ HTTP/1.1
GET /update/3/249/ HTTP/1.1
GET /update/3/249/ HTTP/1.1
POST /update/3/249/ HTTP/1.1
GET /sm/ HTTP/1.1
GET /list/ HTTP/1.1
GET /static/favicon.ico HTTP/1.1
GET /update/3/249/ HTTP/1.1
GET / HTTP/1.1
GET /home/ HTTP/1.1
GET /update/3/249/ HTTP/1.1
GET /list/ HTTP/1.1
GET /update/2/153/ HTTP/1.1
GET /close/3/249/ HTTP/1.1
POST /close/3/249/ HTTP/1.1
GET /sm/ HTTP/1.1
GET /print/3/249/ HTTP/1.1
GET /list/ HTTP/1.1
POST /update/2/153/ HTTP/1.1
GET /sm/ HTTP/1.1
GET /list/ HTTP/1.1
GET /static/favicon.ico HTTP/1.1
GET /update/3/253/ HTTP/1.1
GET / HTTP/1.1
GET /robots.txt HTTP/1.1
GET /home/ HTTP/1.1
GET /static/sist/assets/css/styles.css HTTP/1.1
GET /static/sist/assets/js/main.js HTTP/1.1
GET /static/sist/assets/css/theme.css HTTP/1.1
GET /static/sist/assets/css/reportes.css HTTP/1.1
GET /static/sist/assets/css/punto.css HTTP/1.1
GET /static/sist/assets/img/pattern.png HTTP/1.1
GET /update/3/247/ HTTP/1.1
POST /update/3/247/ HTTP/1.1
GET /sm/ HTTP/1.1
GET /list/ HTTP/1.1
GET /static/favicon.ico HTTP/1.1
GET /update/3/252/ HTTP/1.1
GET /update/3/252/ HTTP/1.1
GET /list/ HTTP/1.1
GET /static/favicon.ico HTTP/1.1
GET /update/3/249/ HTTP/1.1
GET /update/3/249/ HTTP/1.1
GET /update/3/226/ HTTP/1.1
GET /list/ HTTP/1.1
GET /list/ HTTP/1.1
GET /update/3/241/ HTTP/1.1
GET /update/3/241/ HTTP/1.1
GET /update/3/213/ HTTP/1.1
GET /update/1/34/ HTTP/1.1
GET /update/1/31/ HTTP/1.1
GET /close/1/31/ HTTP/1.1
POST /close/1/31/ HTTP/1.1
GET /sm/ HTTP/1.1
GET /print/1/31/ HTTP/1.1
GET /list/ HTTP/1.1
GET /update/1/31/ HTTP/1.1
GET /print/1/31/ HTTP/1.1
GET /list/ HTTP/1.1
GET /static/sist/assets/css/theme.css HTTP/1.1
GET /update/5/25/ HTTP/1.1
GET /update/2/153/ HTTP/1.1
GET /close/2/153/ HTTP/1.1
POST /close/2/153/ HTTP/1.1
GET /print/2/153/ HTTP/1.1
GET /sm/ HTTP/1.1
GET /list/ HTTP/1.1
GET /update/1/34/ HTTP/1.1
GET /update/2/153/ HTTP/1.1
GET /list/ HTTP/1.1
GET /static/favicon.ico HTTP/1.1
GET /update/2/152/ HTTP/1.1
GET /close/2/152/ HTTP/1.1
POST /close/2/152/ HTTP/1.1
GET /sm/ HTTP/1.1
GET /print/2/152/ HTTP/1.1
GET /list/ HTTP/1.1
GET /update/1/34/ HTTP/1.1
GET /close/1/34/ HTTP/1.1
POST /close/1/34/ HTTP/1.1
GET /sm/ HTTP/1.1
GET /print/1/34/ HTTP/1.1
GET /list/ HTTP/1.1
GET /update/1/34/ HTTP/1.1
POST /update/1/34/ HTTP/1.1
GET /sm/ HTTP/1.1
GET /list/ HTTP/1.1
GET /static/favicon.ico HTTP/1.1
GET /list/ HTTP/1.1
GET /update/5/56/ HTTP/1.1
POST /update/5/56/ HTTP/1.1
GET /sm/ HTTP/1.1
GET /list/ HTTP/1.1
GET /static/favicon.ico HTTP/1.1
GET /update/5/56/ HTTP/1.1
GET /close/5/56/ HTTP/1.1
POST /close/5/56/ HTTP/1.1
GET /sm/ HTTP/1.1
GET /print/5/56/ HTTP/1.1
GET /favicon.ico HTTP/1.1
GET /list/ HTTP/1.1
GET /list/ HTTP/1.1
GET /list/ HTTP/1.1
GET /update/3/170/ HTTP/1.1
GET /update/3/170/ HTTP/1.1
GET /print/1/47/ HTTP/1.1
GET /list/ HTTP/1.1
GET /login/ HTTP/1.1
GET /update/3/170/ HTTP/1.1
GET /update/3/170/ HTTP/1.1
GET /close/3/170/ HTTP/1.1
POST /close/3/170/ HTTP/1.1
GET /print/3/170/ HTTP/1.1
GET /sm/ HTTP/1.1
GET /list/ HTTP/1.1
GET /update/3/250/ HTTP/1.1
GET /update/3/250/ HTTP/1.1
GET /add/ HTTP/1.1
GET /add/ HTTP/1.1
GET /client/add/ HTTP/1.1
POST /client/add/ HTTP/1.1
GET /sm/?extra=True HTTP/1.1
GET /add/ HTTP/1.1
GET /load_brands/?equipo=4 HTTP/1.1
GET /brand/add/ HTTP/1.1
POST /brand/add/ HTTP/1.1
GET /sm/?extra=True HTTP/1.1
GET /add/ HTTP/1.1
GET /load_brands/?equipo=4 HTTP/1.1
POST /add/ HTTP/1.1
GET /print/3/254/ HTTP/1.1
GET /sm/ HTTP/1.1
GET /list/ HTTP/1.1
GET /print/3/247/ HTTP/1.1
GET /list/ HTTP/1.1
GET /update/3/250/ HTTP/1.1
POST /update/3/250/ HTTP/1.1
GET /sm/ HTTP/1.1
GET /list/ HTTP/1.1
GET /static/favicon.ico HTTP/1.1
GET /update/3/250/ HTTP/1.1
GET /close/3/250/ HTTP/1.1
POST /close/3/250/ HTTP/1.1
GET /sm/ HTTP/1.1
GET /print/3/250/ HTTP/1.1
GET /list/ HTTP/1.1
GET /add/ HTTP/1.1
GET /client/add/ HTTP/1.1
POST /client/add/ HTTP/1.1
GET /sm/?extra=True HTTP/1.1
GET /add/ HTTP/1.1
GET /load_brands/?equipo=1 HTTP/1.1
POST /add/ HTTP/1.1
GET /print/3/255/ HTTP/1.1
GET /sm/ HTTP/1.1
GET /list/ HTTP/1.1
GET /update/3/255/ HTTP/1.1
GET /update/3/255/ HTTP/1.1
POST /update/3/255/ HTTP/1.1
GET /sm/ HTTP/1.1
GET /list/ HTTP/1.1
GET /update/3/255/ HTTP/1.1
GET /static/favicon.ico HTTP/1.1
GET /update/3/255/ HTTP/1.1
GET /update/3/255/ HTTP/1.1
GET /close/3/255/ HTTP/1.1
POST /close/3/255/ HTTP/1.1
GET /sm/ HTTP/1.1
GET /print/3/255/ HTTP/1.1
GET /list/ HTTP/1.1
GET /login/ HTTP/1.1
GET /list/ HTTP/1.1
GET /static/favicon.ico HTTP/1.1
GET /update/3/254/ HTTP/1.1
GET /update/3/254/ HTTP/1.1
GET /update/3/253/ HTTP/1.1
GET /update/3/253/ HTTP/1.1
GET /list/ HTTP/1.1
GET /static/sist/assets/vendor/bootstrap/css/bootstrap.min.css HTTP/1.1
GET /static/sist/assets/vendor/fontawesome-free/css/all.min.css HTTP/1.1
GET /static/sist/assets/vendor/simple-line-icons/css/simple-line-icons.css HTTP/1.1
GET /static/sist/assets/css/styles.css HTTP/1.1
GET /static/sist/assets/css/stylish-portfolio.css HTTP/1.1
GET /static/sist/assets/css/stylish-portfolio.min.css HTTP/1.1
GET /static/sist/assets/vendor/jquery/jquery.min.js HTTP/1.1
GET /static/sist/assets/img/logo.png HTTP/1.1
GET /static/sist/assets/css/forms.css HTTP/1.1
GET /static/sist/assets/css/bootstrap/bootstrap.css HTTP/1.1
GET /static/sist/assets/css/theme.css HTTP/1.1
GET /static/sist/assets/css/punto.css HTTP/1.1
GET /static/sist/assets/css/reportes.css HTTP/1.1
GET /static/sist/assets/vendor/bootstrap/js/bootstrap.bundle.min.js HTTP/1.1
GET /static/sist/assets/vendor/jquery-easing/jquery.easing.min.js HTTP/1.1
GET /static/sist/assets/js/main.js HTTP/1.1
GET /static/sist/assets/vendor/chart.js/Chart.min.js HTTP/1.1
GET /static/sist/assets/js/sb-admin-2.min.js HTTP/1.1
GET /static/sist/assets/img/pattern.png HTTP/1.1
GET /static/sist/assets/vendor/fontawesome-free/webfonts/fa-solid-900.woff2 HTTP/1.1
GET /static/sist/assets/fonts/PTSansCaption-Regular.ttf HTTP/1.1
GET /static/favicon.ico HTTP/1.1
GET /list/ HTTP/1.1
GET /static/favicon.ico HTTP/1.1
GET /profile/ HTTP/1.1
GET /list/ HTTP/1.1
GET /static/favicon.ico HTTP/1.1
GET /update/3/246/ HTTP/1.1
GET /update/3/246/ HTTP/1.1
GET /close/3/246/ HTTP/1.1
POST /close/3/246/ HTTP/1.1
GET /sm/ HTTP/1.1
GET /print/3/246/ HTTP/1.1
GET /list/ HTTP/1.1
GET /update/3/245/ HTTP/1.1
GET /update/3/245/ HTTP/1.1
GET /close/3/245/ HTTP/1.1
POST /close/3/245/ HTTP/1.1
GET /sm/ HTTP/1.1
GET /print/3/245/ HTTP/1.1
GET /list/ HTTP/1.1
GET /print/3/254/ HTTP/1.1
GET /list/ HTTP/1.1
GET /update/3/253/ HTTP/1.1
GET /update/3/253/ HTTP/1.1
GET /print/3/253/ HTTP/1.1
GET /list/ HTTP/1.1
GET /update/3/248/ HTTP/1.1
GET /update/3/248/ HTTP/1.1
GET /list/ HTTP/1.1
GET /static/favicon.ico HTTP/1.1
GET /print/3/248/ HTTP/1.1
GET /list/ HTTP/1.1
GET /update/3/238/ HTTP/1.1
GET /update/3/238/ HTTP/1.1
GET / HTTP/1.1
GET /static/sist/assets/css/styles.css HTTP/1.1
GET /static/sist/assets/vendor/simple-line-icons/css/simple-line-icons.css HTTP/1.1
GET /static/sist/assets/css/stylish-portfolio.css HTTP/1.1
GET /static/sist/assets/css/stylish-portfolio.min.css HTTP/1.1
GET /static/sist/assets/vendor/bootstrap/css/bootstrap.min.css HTTP/1.1
GET /static/sist/assets/vendor/fontawesome-free/css/all.min.css HTTP/1.1
GET /static/sist/assets/vendor/jquery/jquery.min.js HTTP/1.1
GET /static/sist/assets/vendor/bootstrap/js/bootstrap.bundle.min.js HTTP/1.1
GET /static/sist/assets/vendor/jquery-easing/jquery.easing.min.js HTTP/1.1
GET /static/sist/assets/img/playacel.jpg HTTP/1.1
GET /static/sist/assets/css/reportes.css HTTP/1.1
GET /static/sist/assets/css/theme.css HTTP/1.1
GET /static/sist/assets/css/forms.css HTTP/1.1
GET /static/sist/assets/css/punto.css HTTP/1.1
GET /static/sist/assets/css/bootstrap/bootstrap.css HTTP/1.1
GET /static/sist/assets/img/landing_bg.jfif HTTP/1.1
GET /static/sist/assets/vendor/simple-line-icons/fonts/Simple-Line-Icons.woff2?v=2.4.0 HTTP/1.1
GET /static/sist/assets/fonts/PTSansCaption-Regular.ttf HTTP/1.1
GET /list/ HTTP/1.1
GET /static/favicon.ico HTTP/1.1
GET /update/3/233/ HTTP/1.1
GET /update/3/233/ HTTP/1.1
GET /list/ HTTP/1.1
GET /static/favicon.ico HTTP/1.1
GET /update/3/229/ HTTP/1.1
GET /update/3/229/ HTTP/1.1
GET /list/ HTTP/1.1
GET /static/favicon.ico HTTP/1.1
GET /update/3/226/ HTTP/1.1
GET /update/3/226/ HTTP/1.1
GET /list/ HTTP/1.1
GET /static/favicon.ico HTTP/1.1
GET /update/3/226/ HTTP/1.1
GET /update/3/226/ HTTP/1.1
GET /close/3/226/ HTTP/1.1
POST /close/3/226/ HTTP/1.1
GET /sm/ HTTP/1.1
GET /print/3/226/ HTTP/1.1
GET /login/ HTTP/1.1
POST /login/ HTTP/1.1
GET /home HTTP/1.1
GET /home/ HTTP/1.1
GET /list/ HTTP/1.1
GET /update/3/226/ HTTP/1.1
GET /update/3/226/ HTTP/1.1
POST /update/3/226/ HTTP/1.1
GET /sm/ HTTP/1.1
GET /list/ HTTP/1.1
GET /update/3/226/ HTTP/1.1
GET /update/3/226/ HTTP/1.1
GET /static/favicon.ico HTTP/1.1
GET /update/3/246/ HTTP/1.1
GET /update/3/246/ HTTP/1.1
GET /list/ HTTP/1.1
GET /static/favicon.ico HTTP/1.1
GET /update/3/246/ HTTP/1.1
GET /update/3/246/ HTTP/1.1
POST /update/3/246/ HTTP/1.1
GET /sm/ HTTP/1.1
GET /list/ HTTP/1.1
GET /static/favicon.ico HTTP/1.1
GET /logout/ HTTP/1.1
GET / HTTP/1.1
GET /static/sist/assets/img/landing_bg.jfif HTTP/1.1
GET /static/sist/assets/vendor/simple-line-icons/fonts/Simple-Line-Icons.woff2?v=2.4.0 HTTP/1.1
GET /robots.txt HTTP/1.1
GET /robots.txt HTTP/1.1
GET / HTTP/1.1
GET /robots.txt HTTP/1.1
GET /login/ HTTP/1.1
GET /search/ HTTP/1.1
GET /login/ HTTP/1.1
GET /static/sist/assets/css/styles.css HTTP/1.1
GET /static/sist/assets/css/theme.css HTTP/1.1
GET /static/sist/assets/css/punto.css HTTP/1.1
POST /login/ HTTP/1.1
GET /home HTTP/1.1
GET /home/ HTTP/1.1
GET /static/sist/assets/img/pattern.png HTTP/1.1
GET /list/ HTTP/1.1
GET /add/ HTTP/1.1
GET /client/add/ HTTP/1.1
GET / HTTP/1.1
GET /home/ HTTP/1.1
GET /static/sist/assets/css/styles.css HTTP/1.1
GET /static/sist/assets/css/theme.css HTTP/1.1
GET /static/sist/assets/css/reportes.css HTTP/1.1
GET /static/sist/assets/css/punto.css HTTP/1.1
GET /static/sist/assets/js/main.js HTTP/1.1
GET /static/sist/assets/img/iconos_sist/icono_folios.svg HTTP/1.1
GET /static/sist/assets/img/iconos_sist/icono_admin.svg HTTP/1.1
GET /static/sist/assets/img/iconos_sist/icono_punto_venta.svg HTTP/1.1
GET /static/sist/assets/img/iconos_sist/icono_almacen.svg HTTP/1.1
GET /static/sist/assets/img/pattern.png HTTP/1.1
POST /client/add/ HTTP/1.1
GET /sm/?extra=True HTTP/1.1
GET /add/ HTTP/1.1
GET /load_brands/?equipo=1 HTTP/1.1
POST /add/ HTTP/1.1
GET /print/3/256/ HTTP/1.1
GET /sm/ HTTP/1.1
GET /static/sist/assets/css/ticket.css HTTP/1.1
GET /favicon.ico HTTP/1.1
GET /list/ HTTP/1.1
GET /update/3/238/ HTTP/1.1
GET /update/3/244/ HTTP/1.1
GET /update/3/248/ HTTP/1.1
POST /update/3/248/ HTTP/1.1
GET /sm/ HTTP/1.1
GET /list/ HTTP/1.1
GET /static/favicon.ico HTTP/1.1
GET /update/3/253/ HTTP/1.1
POST /update/3/253/ HTTP/1.1
GET /sm/ HTTP/1.1
GET /list/ HTTP/1.1
GET /static/favicon.ico HTTP/1.1
GET /update/3/254/ HTTP/1.1
POST /update/3/254/ HTTP/1.1
GET /sm/ HTTP/1.1
GET /list/ HTTP/1.1
GET /static/favicon.ico HTTP/1.1
GET /update/3/248/ HTTP/1.1
POST /update/3/248/ HTTP/1.1
GET /sm/ HTTP/1.1
GET /list/ HTTP/1.1
GET /static/favicon.ico HTTP/1.1
GET /update/3/253/ HTTP/1.1
POST /update/3/253/ HTTP/1.1
GET /sm/ HTTP/1.1
GET /list/ HTTP/1.1
GET /static/favicon.ico HTTP/1.1
GET /update/3/254/ HTTP/1.1
GET /static/favicon.ico HTTP/1.1
GET /list/ HTTP/1.1
GET /static/sist/assets/vendor/bootstrap/css/bootstrap.min.css HTTP/1.1
GET /static/sist/assets/vendor/fontawesome-free/css/all.min.css HTTP/1.1
GET /static/sist/assets/vendor/jquery/jquery.min.js HTTP/1.1
GET /static/sist/assets/vendor/simple-line-icons/css/simple-line-icons.css HTTP/1.1
GET /static/sist/assets/css/stylish-portfolio.css HTTP/1.1
GET /static/sist/assets/css/stylish-portfolio.min.css HTTP/1.1
GET /static/sist/assets/css/styles.css HTTP/1.1
GET /static/sist/assets/img/logo.png HTTP/1.1
GET /static/sist/assets/vendor/bootstrap/js/bootstrap.bundle.min.js HTTP/1.1
GET /static/sist/assets/vendor/jquery-easing/jquery.easing.min.js HTTP/1.1
GET /static/sist/assets/js/sb-admin-2.min.js HTTP/1.1
GET /static/sist/assets/vendor/chart.js/Chart.min.js HTTP/1.1
GET /static/sist/assets/js/main.js HTTP/1.1
GET /static/sist/assets/css/bootstrap/bootstrap.css HTTP/1.1
GET /static/sist/assets/css/forms.css HTTP/1.1
GET /static/sist/assets/css/theme.css HTTP/1.1
GET /static/sist/assets/css/punto.css HTTP/1.1
GET /static/sist/assets/css/reportes.css HTTP/1.1
GET /static/sist/assets/img/pattern.png HTTP/1.1
GET /static/sist/assets/vendor/fontawesome-free/webfonts/fa-solid-900.woff2 HTTP/1.1
GET /static/sist/assets/fonts/PTSansCaption-Regular.ttf HTTP/1.1
GET / HTTP/1.1
GET /home/ HTTP/1.1
GET /static/sist/assets/css/styles.css HTTP/1.1
GET /static/sist/assets/css/theme.css HTTP/1.1
GET /static/sist/assets/css/punto.css HTTP/1.1
GET /static/sist/assets/img/pattern.png HTTP/1.1
GET /list/ HTTP/1.1
GET /print/1/47/ HTTP/1.1
GET /static/sist/assets/css/ticket.css HTTP/1.1
GET /favicon.ico HTTP/1.1
GET /list/ HTTP/1.1
GET / HTTP/1.1
GET /home/ HTTP/1.1
GET /static/sist/assets/css/theme.css HTTP/1.1
GET /static/sist/assets/css/forms.css HTTP/1.1
GET /static/sist/assets/img/iconos_sist/icono_folios.svg HTTP/1.1
GET /static/sist/assets/img/iconos_sist/icono_punto_venta.svg HTTP/1.1
GET /static/sist/assets/img/iconos_sist/icono_admin.svg HTTP/1.1
GET /static/sist/assets/img/iconos_sist/icono_almacen.svg HTTP/1.1
GET /profile/ HTTP/1.1
GET /update/3/254/ HTTP/1.1
GET /update/3/254/ HTTP/1.1
GET /list/ HTTP/1.1
GET /static/favicon.ico HTTP/1.1
GET /update/3/253/ HTTP/1.1
GET /update/3/253/ HTTP/1.1
GET /list/ HTTP/1.1
GET /static/sist/assets/css/styles.css HTTP/1.1
GET /static/sist/assets/css/theme.css HTTP/1.1
GET /static/sist/assets/css/reportes.css HTTP/1.1
GET /static/sist/assets/css/punto.css HTTP/1.1
GET /static/sist/assets/img/pattern.png HTTP/1.1
GET /static/favicon.ico HTTP/1.1
GET /list/ HTTP/1.1
GET /list/ HTTP/1.1
GET /static/favicon.ico HTTP/1.1
GET /update/2/153/ HTTP/1.1
GET /update/2/152/ HTTP/1.1
GET /update/2/150/ HTTP/1.1
GET /update/2/151/ HTTP/1.1
POST /update/2/151/ HTTP/1.1
GET /sm/ HTTP/1.1
GET /list/ HTTP/1.1
GET /static/favicon.ico HTTP/1.1
GET /update/2/139/ HTTP/1.1
GET /list/ HTTP/1.1
GET /static/favicon.ico HTTP/1.1
GET /add/ HTTP/1.1
GET /client/add/ HTTP/1.1
POST /client/add/ HTTP/1.1
GET /sm/?extra=True HTTP/1.1
GET /add/ HTTP/1.1
GET /load_brands/?equipo=1 HTTP/1.1
GET /list/ HTTP/1.1
GET /logout/ HTTP/1.1
GET / HTTP/1.1
GET /static/sist/assets/img/landing_bg.jfif HTTP/1.1
GET /static/sist/assets/img/playacel.jpg HTTP/1.1
GET /static/sist/assets/vendor/simple-line-icons/fonts/Simple-Line-Icons.woff2?v=2.4.0 HTTP/1.1
GET /login/ HTTP/1.1
POST /login/ HTTP/1.1
GET /home HTTP/1.1
GET /home/ HTTP/1.1
GET /list/ HTTP/1.1
POST /add/ HTTP/1.1
GET /sm/ HTTP/1.1
GET /print/3/257/ HTTP/1.1
GET /static/sist/assets/css/ticket.css HTTP/1.1
GET /update/2/151/ HTTP/1.1
GET /favicon.ico HTTP/1.1
GET /list/ HTTP/1.1
GET /print/3/257/ HTTP/1.1
GET /list/ HTTP/1.1
GET /update/3/233/ HTTP/1.1
GET /update/3/229/ HTTP/1.1
GET /update/3/217/ HTTP/1.1
POST /update/3/217/ HTTP/1.1
GET /sm/ HTTP/1.1
GET /list/ HTTP/1.1
GET /static/favicon.ico HTTP/1.1
GET /update/3/217/ HTTP/1.1
POST /update/3/217/ HTTP/1.1
GET /sm/ HTTP/1.1
GET /list/ HTTP/1.1
GET /static/favicon.ico HTTP/1.1
GET /update/3/217/ HTTP/1.1
GET /close/3/217/ HTTP/1.1
POST /close/3/217/ HTTP/1.1
GET /print/3/217/ HTTP/1.1
GET /sm/ HTTP/1.1
GET /list/ HTTP/1.1
